<?xml version="1.0" encoding="UTF-8"?>
<testng-results ignored="0" total="1" passed="1" failed="0" skipped="0">
  <reporter-output>
  </reporter-output>
  <suite started-at="2024-10-15T18:23:30 IST" name="Default suite" finished-at="2024-10-15T18:25:28 IST" duration-ms="118520">
    <groups>
    </groups>
    <test started-at="2024-10-15T18:23:30 IST" name="Default test" finished-at="2024-10-15T18:25:28 IST" duration-ms="118520">
      <class name="Luma_TestCases.CategoryFilter_TestCase">
        <test-method is-config="true" signature="launchBrowser()[pri:0, instance:Luma_TestCases.CategoryFilter_TestCase@6283d8b8]" started-at="2024-10-15T18:23:30 IST" name="launchBrowser" finished-at="2024-10-15T18:23:32 IST" duration-ms="2393" status="PASS">
          <reporter-output>
          </reporter-output>
        </test-method> <!-- launchBrowser -->
        <test-method signature="CategoryFilter_TC()[pri:0, instance:Luma_TestCases.CategoryFilter_TestCase@6283d8b8]" started-at="2024-10-15T18:23:32 IST" name="CategoryFilter_TC" finished-at="2024-10-15T18:25:28 IST" duration-ms="116079" status="PASS">
          <reporter-output>
          </reporter-output>
        </test-method> <!-- CategoryFilter_TC -->
      </class> <!-- Luma_TestCases.CategoryFilter_TestCase -->
    </test> <!-- Default test -->
  </suite> <!-- Default suite -->
</testng-results>
